0 info it worked if it ends with ok
1 verbose cli [ '/usr/bin/nodejs', '/usr/local/bin/npm', 'run', 'deploy' ]
2 info using npm@4.0.3
3 info using node@v4.2.6
4 verbose run-script [ 'predeploy', 'deploy', 'postdeploy' ]
5 info lifecycle webpack-demo@1.0.0~predeploy: webpack-demo@1.0.0
6 silly lifecycle webpack-demo@1.0.0~predeploy: no script for predeploy, continuing
7 info lifecycle webpack-demo@1.0.0~deploy: webpack-demo@1.0.0
8 verbose lifecycle webpack-demo@1.0.0~deploy: unsafe-perm in lifecycle true
9 verbose lifecycle webpack-demo@1.0.0~deploy: PATH: /usr/local/lib/node_modules/npm/bin/node-gyp-bin:/home/jean/workspace/webpack-demo/node_modules/.bin:/usr/local/sbin:/usr/local/bin:/usr/sbin:/usr/bin:/sbin:/bin:/usr/games:/usr/local/games:/snap/bin:/usr/lib/jvm/java-8-oracle/bin:/usr/lib/jvm/java-8-oracle/db/bin:/usr/lib/jvm/java-8-oracle/jre/bin
10 verbose lifecycle webpack-demo@1.0.0~deploy: CWD: /home/jean/workspace/webpack-demo
11 silly lifecycle webpack-demo@1.0.0~deploy: Args: [ '-c', 'gh-pages -d build' ]
12 silly lifecycle webpack-demo@1.0.0~deploy: Returned: code: 1  signal: null
13 info lifecycle webpack-demo@1.0.0~deploy: Failed to exec deploy script
14 verbose stack Error: webpack-demo@1.0.0 deploy: `gh-pages -d build`
14 verbose stack Exit status 1
14 verbose stack     at EventEmitter.<anonymous> (/usr/local/lib/node_modules/npm/lib/utils/lifecycle.js:279:16)
14 verbose stack     at emitTwo (events.js:87:13)
14 verbose stack     at EventEmitter.emit (events.js:172:7)
14 verbose stack     at ChildProcess.<anonymous> (/usr/local/lib/node_modules/npm/lib/utils/spawn.js:40:14)
14 verbose stack     at emitTwo (events.js:87:13)
14 verbose stack     at ChildProcess.emit (events.js:172:7)
14 verbose stack     at maybeClose (internal/child_process.js:821:16)
14 verbose stack     at Process.ChildProcess._handle.onexit (internal/child_process.js:211:5)
15 verbose pkgid webpack-demo@1.0.0
16 verbose cwd /home/jean/workspace/webpack-demo/build
17 error Linux 4.4.0-51-generic
18 error argv "/usr/bin/nodejs" "/usr/local/bin/npm" "run" "deploy"
19 error node v4.2.6
20 error npm  v4.0.3
21 error code ELIFECYCLE
22 error webpack-demo@1.0.0 deploy: `gh-pages -d build`
22 error Exit status 1
23 error Failed at the webpack-demo@1.0.0 deploy script 'gh-pages -d build'.
23 error Make sure you have the latest version of node.js and npm installed.
23 error If you do, this is most likely a problem with the webpack-demo package,
23 error not with npm itself.
23 error Tell the author that this fails on your system:
23 error     gh-pages -d build
23 error You can get information on how to open an issue for this project with:
23 error     npm bugs webpack-demo
23 error Or if that isn't available, you can get their info via:
23 error     npm owner ls webpack-demo
23 error There is likely additional logging output above.
24 verbose exit [ 1, true ]
